2022-08-15 12:18:46 - INFO - Connected to nyc_taxi database
2022-08-15 12:19:14 - INFO - Dropped yellow_tripdata_2021_01
2022-08-15 12:20:01 - INFO - Downloaded file yellow_tripdata_2021-01.parquet from https://d37ci6vzurychx.cloudfront.net/trip-data/yellow_tripdata_2021-01.parquet
2022-08-15 12:20:02 - INFO - Transforming parquet file to pandas.DataFrame...
2022-08-15 12:20:33 - INFO - Loaded 1369769 rows into memory
2022-08-15 12:20:40 - INFO - Transforming parquet file to csv...
2022-08-15 12:21:14 - INFO - Transformed parquet file to csv: output.csv
2022-08-15 12:21:28 - INFO - Transformed date columns into datetime objects
2022-08-15 12:21:51 - INFO - Created yellow_tripdata_2021_01 table
2022-08-15 12:22:21 - INFO - Chunk 1 of 11 chunks loaded into databse in 8.89 seconds...
2022-08-15 12:22:30 - INFO - Chunk 2 of 11 chunks loaded into databse in 8.81 seconds...
2022-08-15 12:22:39 - INFO - Chunk 3 of 11 chunks loaded into databse in 8.88 seconds...
2022-08-15 12:22:48 - INFO - Chunk 4 of 11 chunks loaded into databse in 8.7 seconds...
2022-08-15 12:22:57 - INFO - Chunk 5 of 11 chunks loaded into databse in 8.7 seconds...
2022-08-15 12:23:06 - INFO - Chunk 6 of 11 chunks loaded into databse in 8.69 seconds...
2022-08-15 12:23:17 - INFO - Chunk 7 of 11 chunks loaded into databse in 10.96 seconds...
2022-08-15 12:23:31 - INFO - Chunk 8 of 11 chunks loaded into databse in 13.64 seconds...
2022-08-15 12:23:46 - INFO - Chunk 9 of 11 chunks loaded into databse in 14.25 seconds...
2022-08-15 12:24:00 - INFO - Chunk 10 of 11 chunks loaded into databse in 14.03 seconds...
2022-08-15 12:24:05 - INFO - Chunk 11 of 11 chunks loaded into databse in 5.18 seconds...
